{"/Users/nsov/working/liftofs/microfe-takeofs/components/jira/connection-status.tsx": {"path":"/Users/nsov/working/liftofs/microfe-takeofs/components/jira/connection-status.tsx","statementMap":{"0":{"start":{"line":7,"column":16},"end":{"line":7,"column":null}},"1":{"start":{"line":1,"column":18},"end":{"line":1,"column":null}},"2":{"start":{"line":2,"column":52},"end":{"line":2,"column":null}},"3":{"start":{"line":3,"column":23},"end":{"line":3,"column":null}},"4":{"start":{"line":4,"column":30},"end":{"line":4,"column":null}},"5":{"start":{"line":5,"column":51},"end":{"line":5,"column":null}},"6":{"start":{"line":8,"column":70},"end":{"line":8,"column":null}},"7":{"start":{"line":10,"column":2},"end":{"line":20,"column":null}},"8":{"start":{"line":11,"column":4},"end":{"line":15,"column":null}},"9":{"start":{"line":22,"column":2},"end":{"line":35,"column":null}},"10":{"start":{"line":23,"column":4},"end":{"line":29,"column":null}},"11":{"start":{"line":37,"column":2},"end":{"line":47,"column":null}},"12":{"start":{"line":38,"column":4},"end":{"line":43,"column":null}},"13":{"start":{"line":49,"column":2},"end":{"line":49,"column":null}}},"fnMap":{"0":{"name":"JiraConnectionStatus","decl":{"start":{"line":7,"column":16},"end":{"line":7,"column":null}},"loc":{"start":{"line":7,"column":16},"end":{"line":50,"column":null}}}},"branchMap":{"0":{"loc":{"start":{"line":10,"column":2},"end":{"line":20,"column":null}},"type":"if","locations":[{"start":{"line":10,"column":2},"end":{"line":20,"column":null}}]},"1":{"loc":{"start":{"line":22,"column":2},"end":{"line":35,"column":null}},"type":"if","locations":[{"start":{"line":22,"column":2},"end":{"line":35,"column":null}}]},"2":{"loc":{"start":{"line":37,"column":2},"end":{"line":47,"column":null}},"type":"if","locations":[{"start":{"line":37,"column":2},"end":{"line":47,"column":null}}]}},"s":{"0":4,"1":1,"2":1,"3":1,"4":1,"5":1,"6":4,"7":4,"8":1,"9":3,"10":1,"11":2,"12":1,"13":1},"f":{"0":4},"b":{"0":[1],"1":[1],"2":[1]}}
,"/Users/nsov/working/liftofs/microfe-takeofs/components/ui/alert.tsx": {"path":"/Users/nsov/working/liftofs/microfe-takeofs/components/ui/alert.tsx","statementMap":{"0":{"start":{"line":59,"column":9},"end":{"line":59,"column":14}},"1":{"start":{"line":59,"column":28},"end":{"line":59,"column":44}},"2":{"start":{"line":59,"column":16},"end":{"line":59,"column":26}},"3":{"start":{"line":1,"column":23},"end":{"line":1,"column":null}},"4":{"start":{"line":2,"column":39},"end":{"line":2,"column":null}},"5":{"start":{"line":4,"column":19},"end":{"line":4,"column":null}},"6":{"start":{"line":6,"column":22},"end":{"line":19,"column":null}},"7":{"start":{"line":33,"column":0},"end":{"line":33,"column":null}},"8":{"start":{"line":45,"column":0},"end":{"line":45,"column":null}},"9":{"start":{"line":57,"column":0},"end":{"line":57,"column":null}}},"fnMap":{},"branchMap":{},"s":{"0":3,"1":3,"2":3,"3":1,"4":1,"5":1,"6":1,"7":1,"8":1,"9":1},"f":{},"b":{}}
,"/Users/nsov/working/liftofs/microfe-takeofs/components/ui/button.tsx": {"path":"/Users/nsov/working/liftofs/microfe-takeofs/components/ui/button.tsx","statementMap":{"0":{"start":{"line":56,"column":9},"end":{"line":56,"column":15}},"1":{"start":{"line":56,"column":17},"end":{"line":56,"column":31}},"2":{"start":{"line":1,"column":23},"end":{"line":1,"column":null}},"3":{"start":{"line":2,"column":21},"end":{"line":2,"column":null}},"4":{"start":{"line":3,"column":39},"end":{"line":3,"column":null}},"5":{"start":{"line":5,"column":19},"end":{"line":5,"column":null}},"6":{"start":{"line":7,"column":23},"end":{"line":33,"column":null}},"7":{"start":{"line":42,"column":15},"end":{"line":52,"column":null}},"8":{"start":{"line":44,"column":17},"end":{"line":44,"column":null}},"9":{"start":{"line":54,"column":0},"end":{"line":54,"column":null}}},"fnMap":{"0":{"name":"(anonymous_6)","decl":{"start":{"line":43,"column":2},"end":{"line":43,"column":3}},"loc":{"start":{"line":43,"column":60},"end":{"line":52,"column":null}}}},"branchMap":{"0":{"loc":{"start":{"line":43,"column":31},"end":{"line":43,"column":46}},"type":"default-arg","locations":[{"start":{"line":43,"column":41},"end":{"line":43,"column":46}}]},"1":{"loc":{"start":{"line":44,"column":17},"end":{"line":44,"column":null}},"type":"cond-expr","locations":[{"start":{"line":44,"column":27},"end":{"line":44,"column":31}},{"start":{"line":44,"column":34},"end":{"line":44,"column":null}}]}},"s":{"0":1,"1":0,"2":1,"3":1,"4":1,"5":1,"6":1,"7":1,"8":1,"9":1},"f":{"0":1},"b":{"0":[1],"1":[0,1]}}
,"/Users/nsov/working/liftofs/microfe-takeofs/lib/utils.ts": {"path":"/Users/nsov/working/liftofs/microfe-takeofs/lib/utils.ts","statementMap":{"0":{"start":{"line":4,"column":16},"end":{"line":4,"column":19}},"1":{"start":{"line":1,"column":38},"end":{"line":1,"column":null}},"2":{"start":{"line":2,"column":24},"end":{"line":2,"column":null}},"3":{"start":{"line":5,"column":2},"end":{"line":5,"column":null}}},"fnMap":{"0":{"name":"cn","decl":{"start":{"line":4,"column":16},"end":{"line":4,"column":19}},"loc":{"start":{"line":4,"column":42},"end":{"line":6,"column":null}}}},"branchMap":{},"s":{"0":10,"1":1,"2":1,"3":10},"f":{"0":10},"b":{}}
,"/Users/nsov/working/liftofs/microfe-takeofs/lib/hooks/useJiraConfig.ts": {"path":"/Users/nsov/working/liftofs/microfe-takeofs/lib/hooks/useJiraConfig.ts","statementMap":{"0":{"start":{"line":10,"column":16},"end":{"line":10,"column":null}},"1":{"start":{"line":1,"column":36},"end":{"line":1,"column":null}},"2":{"start":{"line":11,"column":30},"end":{"line":15,"column":null}},"3":{"start":{"line":17,"column":33},"end":{"line":45,"column":null}},"4":{"start":{"line":18,"column":4},"end":{"line":44,"column":null}},"5":{"start":{"line":20,"column":23},"end":{"line":20,"column":null}},"6":{"start":{"line":21,"column":19},"end":{"line":21,"column":null}},"7":{"start":{"line":23,"column":6},"end":{"line":30,"column":null}},"8":{"start":{"line":24,"column":8},"end":{"line":28,"column":null}},"9":{"start":{"line":29,"column":8},"end":{"line":29,"column":null}},"10":{"start":{"line":32,"column":6},"end":{"line":37,"column":null}},"11":{"start":{"line":39,"column":6},"end":{"line":43,"column":null}},"12":{"start":{"line":47,"column":2},"end":{"line":49,"column":null}},"13":{"start":{"line":48,"column":4},"end":{"line":48,"column":null}},"14":{"start":{"line":51,"column":26},"end":{"line":54,"column":null}},"15":{"start":{"line":52,"column":4},"end":{"line":52,"column":null}},"16":{"start":{"line":52,"column":23},"end":{"line":52,"column":null}},"17":{"start":{"line":53,"column":4},"end":{"line":53,"column":null}},"18":{"start":{"line":56,"column":2},"end":{"line":59,"column":null}}},"fnMap":{"0":{"name":"useJiraConfig","decl":{"start":{"line":10,"column":16},"end":{"line":10,"column":null}},"loc":{"start":{"line":10,"column":16},"end":{"line":60,"column":null}}},"1":{"name":"(anonymous_2)","decl":{"start":{"line":17,"column":33},"end":{"line":17,"column":null}},"loc":{"start":{"line":17,"column":33},"end":{"line":45,"column":null}}},"2":{"name":"(anonymous_3)","decl":{"start":{"line":47,"column":12},"end":{"line":47,"column":null}},"loc":{"start":{"line":47,"column":12},"end":{"line":49,"column":5}}},"3":{"name":"(anonymous_4)","decl":{"start":{"line":51,"column":26},"end":{"line":51,"column":null}},"loc":{"start":{"line":51,"column":26},"end":{"line":54,"column":null}}},"4":{"name":"(anonymous_5)","decl":{"start":{"line":52,"column":14},"end":{"line":52,"column":23}},"loc":{"start":{"line":52,"column":23},"end":{"line":52,"column":null}}}},"branchMap":{"0":{"loc":{"start":{"line":23,"column":6},"end":{"line":30,"column":null}},"type":"if","locations":[{"start":{"line":23,"column":6},"end":{"line":30,"column":null}}]},"1":{"loc":{"start":{"line":27,"column":17},"end":{"line":27,"column":null}},"type":"binary-expr","locations":[{"start":{"line":27,"column":17},"end":{"line":27,"column":27}},{"start":{"line":27,"column":31},"end":{"line":27,"column":null}}]},"2":{"loc":{"start":{"line":42,"column":15},"end":{"line":42,"column":null}},"type":"cond-expr","locations":[{"start":{"line":42,"column":40},"end":{"line":42,"column":53}},{"start":{"line":42,"column":56},"end":{"line":42,"column":null}}]}},"s":{"0":9,"1":2,"2":8,"3":8,"4":5,"5":5,"6":5,"7":4,"8":2,"9":2,"10":2,"11":1,"12":8,"13":4,"14":8,"15":1,"16":1,"17":1,"18":8},"f":{"0":8,"1":5,"2":4,"3":1,"4":1},"b":{"0":[2],"1":[2,0],"2":[1,0]}}
}
