TN:
SF:components/jira/connection-status.tsx
FN:7,JiraConnectionStatus
FNF:1
FNH:1
FNDA:4,JiraConnectionStatus
DA:1,1
DA:2,1
DA:3,1
DA:4,1
DA:5,1
DA:7,4
DA:8,4
DA:10,4
DA:11,1
DA:22,3
DA:23,1
DA:37,2
DA:38,1
DA:49,1
LF:14
LH:14
BRDA:10,0,0,1
BRDA:22,1,0,1
BRDA:37,2,0,1
BRF:3
BRH:3
end_of_record
TN:
SF:components/ui/alert.tsx
FNF:0
FNH:0
DA:1,1
DA:2,1
DA:4,1
DA:6,1
DA:33,1
DA:45,1
DA:57,1
DA:59,3
LF:8
LH:8
BRF:0
BRH:0
end_of_record
TN:
SF:components/ui/button.tsx
FN:43,(anonymous_6)
FNF:1
FNH:1
FNDA:1,(anonymous_6)
DA:1,1
DA:2,1
DA:3,1
DA:5,1
DA:7,1
DA:42,1
DA:44,1
DA:54,1
DA:56,1
LF:9
LH:9
BRDA:43,0,0,1
BRDA:44,1,0,0
BRDA:44,1,1,1
BRF:3
BRH:2
end_of_record
TN:
SF:lib/utils.ts
FN:4,cn
FNF:1
FNH:1
FNDA:10,cn
DA:1,1
DA:2,1
DA:4,10
DA:5,10
LF:4
LH:4
BRF:0
BRH:0
end_of_record
TN:
SF:lib/hooks/useJiraConfig.ts
FN:10,useJiraConfig
FN:17,(anonymous_2)
FN:47,(anonymous_3)
FN:51,(anonymous_4)
FN:52,(anonymous_5)
FNF:5
FNH:5
FNDA:8,useJiraConfig
FNDA:5,(anonymous_2)
FNDA:4,(anonymous_3)
FNDA:1,(anonymous_4)
FNDA:1,(anonymous_5)
DA:1,2
DA:10,9
DA:11,8
DA:17,8
DA:18,5
DA:20,5
DA:21,5
DA:23,4
DA:24,2
DA:29,2
DA:32,2
DA:39,1
DA:47,8
DA:48,4
DA:51,8
DA:52,1
DA:53,1
DA:56,8
LF:18
LH:18
BRDA:23,0,0,2
BRDA:27,1,0,2
BRDA:27,1,1,0
BRDA:42,2,0,1
BRDA:42,2,1,0
BRF:5
BRH:3
end_of_record
